CRITICAL - 2023-09-05 11:35:50 --> Undefined variable $request
in APPPATH\Controllers\Order.php on line 45.
 1 APPPATH\Controllers\Order.php(45): CodeIgniter\Debug\Exceptions->errorHandler(2, 'Undefined variable $request', 'C:\\xampp\\htdocs\\daswaa\\app\\Controllers\\Order.php', 45)
 2 SYSTEMPATH\CodeIgniter.php(932): App\Controllers\Order->store()
 3 SYSTEMPATH\CodeIgniter.php(497): CodeIgniter\CodeIgniter->runController(Object(App\Controllers\Order))
 4 SYSTEMPATH\CodeIgniter.php(366): CodeIgniter\CodeIgniter->handleRequest(null, Object(Config\Cache), false)
 5 FCPATH\index.php(67): CodeIgniter\CodeIgniter->run()
CRITICAL - 2023-09-05 11:36:59 --> Class "App\Controllers\Client" not found
in APPPATH\Controllers\Order.php on line 55.
 1 SYSTEMPATH\CodeIgniter.php(932): App\Controllers\Order->store()
 2 SYSTEMPATH\CodeIgniter.php(497): CodeIgniter\CodeIgniter->runController(Object(App\Controllers\Order))
 3 SYSTEMPATH\CodeIgniter.php(366): CodeIgniter\CodeIgniter->handleRequest(null, Object(Config\Cache), false)
 4 FCPATH\index.php(67): CodeIgniter\CodeIgniter->run()
CRITICAL - 2023-09-05 11:38:15 --> Class "App\Controllers\Client" not found
in APPPATH\Controllers\Order.php on line 55.
 1 SYSTEMPATH\CodeIgniter.php(932): App\Controllers\Order->store()
 2 SYSTEMPATH\CodeIgniter.php(497): CodeIgniter\CodeIgniter->runController(Object(App\Controllers\Order))
 3 SYSTEMPATH\CodeIgniter.php(366): CodeIgniter\CodeIgniter->handleRequest(null, Object(Config\Cache), false)
 4 FCPATH\index.php(67): CodeIgniter\CodeIgniter->run()
CRITICAL - 2023-09-05 11:38:30 --> Class "App\Controllers\Client" not found
in APPPATH\Controllers\Order.php on line 55.
 1 SYSTEMPATH\CodeIgniter.php(932): App\Controllers\Order->store()
 2 SYSTEMPATH\CodeIgniter.php(497): CodeIgniter\CodeIgniter->runController(Object(App\Controllers\Order))
 3 SYSTEMPATH\CodeIgniter.php(366): CodeIgniter\CodeIgniter->handleRequest(null, Object(Config\Cache), false)
 4 FCPATH\index.php(67): CodeIgniter\CodeIgniter->run()
CRITICAL - 2023-09-05 11:38:54 --> Class "App\Controllers\Client" not found
in APPPATH\Controllers\Order.php on line 56.
 1 SYSTEMPATH\CodeIgniter.php(932): App\Controllers\Order->store()
 2 SYSTEMPATH\CodeIgniter.php(497): CodeIgniter\CodeIgniter->runController(Object(App\Controllers\Order))
 3 SYSTEMPATH\CodeIgniter.php(366): CodeIgniter\CodeIgniter->handleRequest(null, Object(Config\Cache), false)
 4 FCPATH\index.php(67): CodeIgniter\CodeIgniter->run()
CRITICAL - 2023-09-05 11:39:16 --> Class "App\Controllers\Client" not found
in APPPATH\Controllers\Order.php on line 56.
 1 SYSTEMPATH\CodeIgniter.php(932): App\Controllers\Order->store()
 2 SYSTEMPATH\CodeIgniter.php(497): CodeIgniter\CodeIgniter->runController(Object(App\Controllers\Order))
 3 SYSTEMPATH\CodeIgniter.php(366): CodeIgniter\CodeIgniter->handleRequest(null, Object(Config\Cache), false)
 4 FCPATH\index.php(67): CodeIgniter\CodeIgniter->run()
CRITICAL - 2023-09-05 11:42:46 --> Class "App\Controllers\Client" not found
in APPPATH\Controllers\Order.php on line 56.
 1 SYSTEMPATH\CodeIgniter.php(932): App\Controllers\Order->store()
 2 SYSTEMPATH\CodeIgniter.php(497): CodeIgniter\CodeIgniter->runController(Object(App\Controllers\Order))
 3 SYSTEMPATH\CodeIgniter.php(366): CodeIgniter\CodeIgniter->handleRequest(null, Object(Config\Cache), false)
 4 FCPATH\index.php(67): CodeIgniter\CodeIgniter->run()
CRITICAL - 2023-09-05 11:44:01 --> Cannot declare class App\Controllers\Client because the name is already in use
in APPPATH\Controllers\Client.php on line 8.
 1 [internal function]: CodeIgniter\Debug\Exceptions->shutdownHandler()
CRITICAL - 2023-09-05 11:45:47 --> Class "App\Controllers\ClientController" not found
in APPPATH\Controllers\Order.php on line 56.
 1 SYSTEMPATH\CodeIgniter.php(932): App\Controllers\Order->store()
 2 SYSTEMPATH\CodeIgniter.php(497): CodeIgniter\CodeIgniter->runController(Object(App\Controllers\Order))
 3 SYSTEMPATH\CodeIgniter.php(366): CodeIgniter\CodeIgniter->handleRequest(null, Object(Config\Cache), false)
 4 FCPATH\index.php(67): CodeIgniter\CodeIgniter->run()
CRITICAL - 2023-09-05 11:46:00 --> Class "App\Controllers\ClientController" not found
in APPPATH\Controllers\Order.php on line 56.
 1 SYSTEMPATH\CodeIgniter.php(932): App\Controllers\Order->store()
 2 SYSTEMPATH\CodeIgniter.php(497): CodeIgniter\CodeIgniter->runController(Object(App\Controllers\Order))
 3 SYSTEMPATH\CodeIgniter.php(366): CodeIgniter\CodeIgniter->handleRequest(null, Object(Config\Cache), false)
 4 FCPATH\index.php(67): CodeIgniter\CodeIgniter->run()
CRITICAL - 2023-09-05 11:46:24 --> Class "App\Controllers\ClientController" not found
in APPPATH\Controllers\Order.php on line 56.
 1 SYSTEMPATH\CodeIgniter.php(932): App\Controllers\Order->store()
 2 SYSTEMPATH\CodeIgniter.php(497): CodeIgniter\CodeIgniter->runController(Object(App\Controllers\Order))
 3 SYSTEMPATH\CodeIgniter.php(366): CodeIgniter\CodeIgniter->handleRequest(null, Object(Config\Cache), false)
 4 FCPATH\index.php(67): CodeIgniter\CodeIgniter->run()
CRITICAL - 2023-09-05 11:46:31 --> Class "App\Controllers\ClientController" not found
in APPPATH\Controllers\Order.php on line 56.
 1 SYSTEMPATH\CodeIgniter.php(932): App\Controllers\Order->store()
 2 SYSTEMPATH\CodeIgniter.php(497): CodeIgniter\CodeIgniter->runController(Object(App\Controllers\Order))
 3 SYSTEMPATH\CodeIgniter.php(366): CodeIgniter\CodeIgniter->handleRequest(null, Object(Config\Cache), false)
 4 FCPATH\index.php(67): CodeIgniter\CodeIgniter->run()
CRITICAL - 2023-09-05 11:47:40 --> Call to undefined method App\Controllers\Client::where()
in APPPATH\Controllers\Order.php on line 56.
 1 SYSTEMPATH\CodeIgniter.php(932): App\Controllers\Order->store()
 2 SYSTEMPATH\CodeIgniter.php(497): CodeIgniter\CodeIgniter->runController(Object(App\Controllers\Order))
 3 SYSTEMPATH\CodeIgniter.php(366): CodeIgniter\CodeIgniter->handleRequest(null, Object(Config\Cache), false)
 4 FCPATH\index.php(67): CodeIgniter\CodeIgniter->run()
CRITICAL - 2023-09-05 11:47:44 --> Call to undefined method App\Controllers\Client::where()
in APPPATH\Controllers\Order.php on line 56.
 1 SYSTEMPATH\CodeIgniter.php(932): App\Controllers\Order->store()
 2 SYSTEMPATH\CodeIgniter.php(497): CodeIgniter\CodeIgniter->runController(Object(App\Controllers\Order))
 3 SYSTEMPATH\CodeIgniter.php(366): CodeIgniter\CodeIgniter->handleRequest(null, Object(Config\Cache), false)
 4 FCPATH\index.php(67): CodeIgniter\CodeIgniter->run()
CRITICAL - 2023-09-05 11:49:49 --> Class "App\Models\ClientModel" not found
in APPPATH\Controllers\Order.php on line 55.
 1 SYSTEMPATH\CodeIgniter.php(932): App\Controllers\Order->store()
 2 SYSTEMPATH\CodeIgniter.php(497): CodeIgniter\CodeIgniter->runController(Object(App\Controllers\Order))
 3 SYSTEMPATH\CodeIgniter.php(366): CodeIgniter\CodeIgniter->handleRequest(null, Object(Config\Cache), false)
 4 FCPATH\index.php(67): CodeIgniter\CodeIgniter->run()
CRITICAL - 2023-09-05 11:50:09 --> Call to undefined method App\Models\ClientModel::where()
in APPPATH\Controllers\Order.php on line 57.
 1 SYSTEMPATH\CodeIgniter.php(932): App\Controllers\Order->store()
 2 SYSTEMPATH\CodeIgniter.php(497): CodeIgniter\CodeIgniter->runController(Object(App\Controllers\Order))
 3 SYSTEMPATH\CodeIgniter.php(366): CodeIgniter\CodeIgniter->handleRequest(null, Object(Config\Cache), false)
 4 FCPATH\index.php(67): CodeIgniter\CodeIgniter->run()
CRITICAL - 2023-09-05 11:51:46 --> Too few arguments to function CodeIgniter\BaseModel::save(), 0 passed in C:\xampp\htdocs\daswaa\app\Controllers\Order.php on line 66 and exactly 1 expected
in SYSTEMPATH\BaseModel.php on line 683.
 1 APPPATH\Controllers\Order.php(66): CodeIgniter\BaseModel->save()
 2 SYSTEMPATH\CodeIgniter.php(932): App\Controllers\Order->store()
 3 SYSTEMPATH\CodeIgniter.php(497): CodeIgniter\CodeIgniter->runController(Object(App\Controllers\Order))
 4 SYSTEMPATH\CodeIgniter.php(366): CodeIgniter\CodeIgniter->handleRequest(null, Object(Config\Cache), false)
 5 FCPATH\index.php(67): CodeIgniter\CodeIgniter->run()
CRITICAL - 2023-09-05 11:53:54 --> Too few arguments to function CodeIgniter\BaseModel::save(), 0 passed in C:\xampp\htdocs\daswaa\app\Controllers\Order.php on line 66 and exactly 1 expected
in SYSTEMPATH\BaseModel.php on line 683.
 1 APPPATH\Controllers\Order.php(66): CodeIgniter\BaseModel->save()
 2 SYSTEMPATH\CodeIgniter.php(932): App\Controllers\Order->store()
 3 SYSTEMPATH\CodeIgniter.php(497): CodeIgniter\CodeIgniter->runController(Object(App\Controllers\Order))
 4 SYSTEMPATH\CodeIgniter.php(366): CodeIgniter\CodeIgniter->handleRequest(null, Object(Config\Cache), false)
 5 FCPATH\index.php(67): CodeIgniter\CodeIgniter->run()
CRITICAL - 2023-09-05 11:54:25 --> Too few arguments to function CodeIgniter\BaseModel::save(), 0 passed in C:\xampp\htdocs\daswaa\app\Controllers\Order.php on line 73 and exactly 1 expected
in SYSTEMPATH\BaseModel.php on line 683.
 1 APPPATH\Controllers\Order.php(73): CodeIgniter\BaseModel->save()
 2 SYSTEMPATH\CodeIgniter.php(932): App\Controllers\Order->store()
 3 SYSTEMPATH\CodeIgniter.php(497): CodeIgniter\CodeIgniter->runController(Object(App\Controllers\Order))
 4 SYSTEMPATH\CodeIgniter.php(366): CodeIgniter\CodeIgniter->handleRequest(null, Object(Config\Cache), false)
 5 FCPATH\index.php(67): CodeIgniter\CodeIgniter->run()
CRITICAL - 2023-09-05 11:55:15 --> Too few arguments to function CodeIgniter\BaseModel::save(), 0 passed in C:\xampp\htdocs\daswaa\app\Controllers\Order.php on line 73 and exactly 1 expected
in SYSTEMPATH\BaseModel.php on line 683.
 1 APPPATH\Controllers\Order.php(73): CodeIgniter\BaseModel->save()
 2 SYSTEMPATH\CodeIgniter.php(932): App\Controllers\Order->store()
 3 SYSTEMPATH\CodeIgniter.php(497): CodeIgniter\CodeIgniter->runController(Object(App\Controllers\Order))
 4 SYSTEMPATH\CodeIgniter.php(366): CodeIgniter\CodeIgniter->handleRequest(null, Object(Config\Cache), false)
 5 FCPATH\index.php(67): CodeIgniter\CodeIgniter->run()
CRITICAL - 2023-09-05 11:56:43 --> Undefined variable $phone
in APPPATH\Views\orders\add_order.php on line 51.
 1 APPPATH\Views\orders\add_order.php(51): CodeIgniter\Debug\Exceptions->errorHandler(2, 'Undefined variable $phone', 'C:\\xampp\\htdocs\\daswaa\\app\\Views\\orders\\add_order.php', 51)
 2 SYSTEMPATH\View\View.php(224): include('C:\\xampp\\htdocs\\daswaa\\app\\Views\\orders\\add_order.php')
 3 SYSTEMPATH\View\View.php(227): CodeIgniter\View\View->CodeIgniter\View\{closure}()
 4 SYSTEMPATH\Common.php(1180): CodeIgniter\View\View->render('orders/add_order', [], true)
 5 APPPATH\Controllers\Order.php(38): view('orders/add_order', [...])
 6 SYSTEMPATH\CodeIgniter.php(932): App\Controllers\Order->add()
 7 SYSTEMPATH\CodeIgniter.php(497): CodeIgniter\CodeIgniter->runController(Object(App\Controllers\Order))
 8 SYSTEMPATH\CodeIgniter.php(366): CodeIgniter\CodeIgniter->handleRequest(null, Object(Config\Cache), false)
 9 FCPATH\index.php(67): CodeIgniter\CodeIgniter->run()
CRITICAL - 2023-09-05 11:56:46 --> Undefined variable $phone
in APPPATH\Views\orders\add_order.php on line 51.
 1 APPPATH\Views\orders\add_order.php(51): CodeIgniter\Debug\Exceptions->errorHandler(2, 'Undefined variable $phone', 'C:\\xampp\\htdocs\\daswaa\\app\\Views\\orders\\add_order.php', 51)
 2 SYSTEMPATH\View\View.php(224): include('C:\\xampp\\htdocs\\daswaa\\app\\Views\\orders\\add_order.php')
 3 SYSTEMPATH\View\View.php(227): CodeIgniter\View\View->CodeIgniter\View\{closure}()
 4 SYSTEMPATH\Common.php(1180): CodeIgniter\View\View->render('orders/add_order', [], true)
 5 APPPATH\Controllers\Order.php(38): view('orders/add_order', [...])
 6 SYSTEMPATH\CodeIgniter.php(932): App\Controllers\Order->add()
 7 SYSTEMPATH\CodeIgniter.php(497): CodeIgniter\CodeIgniter->runController(Object(App\Controllers\Order))
 8 SYSTEMPATH\CodeIgniter.php(366): CodeIgniter\CodeIgniter->handleRequest(null, Object(Config\Cache), false)
 9 FCPATH\index.php(67): CodeIgniter\CodeIgniter->run()
CRITICAL - 2023-09-05 11:57:55 --> Undefined variable $isRegular
in APPPATH\Views\orders\add_order.php on line 64.
 1 APPPATH\Views\orders\add_order.php(64): CodeIgniter\Debug\Exceptions->errorHandler(2, 'Undefined variable $isRegular', 'C:\\xampp\\htdocs\\daswaa\\app\\Views\\orders\\add_order.php', 64)
 2 SYSTEMPATH\View\View.php(224): include('C:\\xampp\\htdocs\\daswaa\\app\\Views\\orders\\add_order.php')
 3 SYSTEMPATH\View\View.php(227): CodeIgniter\View\View->CodeIgniter\View\{closure}()
 4 SYSTEMPATH\Common.php(1180): CodeIgniter\View\View->render('orders/add_order', [], true)
 5 APPPATH\Controllers\Order.php(38): view('orders/add_order', [...])
 6 SYSTEMPATH\CodeIgniter.php(932): App\Controllers\Order->add()
 7 SYSTEMPATH\CodeIgniter.php(497): CodeIgniter\CodeIgniter->runController(Object(App\Controllers\Order))
 8 SYSTEMPATH\CodeIgniter.php(366): CodeIgniter\CodeIgniter->handleRequest(null, Object(Config\Cache), false)
 9 FCPATH\index.php(67): CodeIgniter\CodeIgniter->run()
CRITICAL - 2023-09-05 11:59:09 --> Too few arguments to function CodeIgniter\BaseModel::save(), 0 passed in C:\xampp\htdocs\daswaa\app\Controllers\Order.php on line 73 and exactly 1 expected
in SYSTEMPATH\BaseModel.php on line 683.
 1 APPPATH\Controllers\Order.php(73): CodeIgniter\BaseModel->save()
 2 SYSTEMPATH\CodeIgniter.php(932): App\Controllers\Order->store()
 3 SYSTEMPATH\CodeIgniter.php(497): CodeIgniter\CodeIgniter->runController(Object(App\Controllers\Order))
 4 SYSTEMPATH\CodeIgniter.php(366): CodeIgniter\CodeIgniter->handleRequest(null, Object(Config\Cache), false)
 5 FCPATH\index.php(67): CodeIgniter\CodeIgniter->run()
CRITICAL - 2023-09-05 11:59:33 --> Too few arguments to function CodeIgniter\BaseModel::save(), 0 passed in C:\xampp\htdocs\daswaa\app\Controllers\Order.php on line 73 and exactly 1 expected
in SYSTEMPATH\BaseModel.php on line 683.
 1 APPPATH\Controllers\Order.php(73): CodeIgniter\BaseModel->save()
 2 SYSTEMPATH\CodeIgniter.php(932): App\Controllers\Order->store()
 3 SYSTEMPATH\CodeIgniter.php(497): CodeIgniter\CodeIgniter->runController(Object(App\Controllers\Order))
 4 SYSTEMPATH\CodeIgniter.php(366): CodeIgniter\CodeIgniter->handleRequest(null, Object(Config\Cache), false)
 5 FCPATH\index.php(67): CodeIgniter\CodeIgniter->run()
CRITICAL - 2023-09-05 11:59:55 --> Too few arguments to function CodeIgniter\BaseModel::save(), 0 passed in C:\xampp\htdocs\daswaa\app\Controllers\Order.php on line 70 and exactly 1 expected
in SYSTEMPATH\BaseModel.php on line 683.
 1 APPPATH\Controllers\Order.php(70): CodeIgniter\BaseModel->save()
 2 SYSTEMPATH\CodeIgniter.php(932): App\Controllers\Order->store()
 3 SYSTEMPATH\CodeIgniter.php(497): CodeIgniter\CodeIgniter->runController(Object(App\Controllers\Order))
 4 SYSTEMPATH\CodeIgniter.php(366): CodeIgniter\CodeIgniter->handleRequest(null, Object(Config\Cache), false)
 5 FCPATH\index.php(67): CodeIgniter\CodeIgniter->run()
CRITICAL - 2023-09-05 12:00:42 --> Too few arguments to function CodeIgniter\BaseModel::save(), 0 passed in C:\xampp\htdocs\daswaa\app\Controllers\Order.php on line 70 and exactly 1 expected
in SYSTEMPATH\BaseModel.php on line 683.
 1 APPPATH\Controllers\Order.php(70): CodeIgniter\BaseModel->save()
 2 SYSTEMPATH\CodeIgniter.php(932): App\Controllers\Order->store()
 3 SYSTEMPATH\CodeIgniter.php(497): CodeIgniter\CodeIgniter->runController(Object(App\Controllers\Order))
 4 SYSTEMPATH\CodeIgniter.php(366): CodeIgniter\CodeIgniter->handleRequest(null, Object(Config\Cache), false)
 5 FCPATH\index.php(67): CodeIgniter\CodeIgniter->run()
CRITICAL - 2023-09-05 12:00:49 --> Too few arguments to function CodeIgniter\BaseModel::save(), 0 passed in C:\xampp\htdocs\daswaa\app\Controllers\Order.php on line 70 and exactly 1 expected
in SYSTEMPATH\BaseModel.php on line 683.
 1 APPPATH\Controllers\Order.php(70): CodeIgniter\BaseModel->save()
 2 SYSTEMPATH\CodeIgniter.php(932): App\Controllers\Order->store()
 3 SYSTEMPATH\CodeIgniter.php(497): CodeIgniter\CodeIgniter->runController(Object(App\Controllers\Order))
 4 SYSTEMPATH\CodeIgniter.php(366): CodeIgniter\CodeIgniter->handleRequest(null, Object(Config\Cache), false)
 5 FCPATH\index.php(67): CodeIgniter\CodeIgniter->run()
CRITICAL - 2023-09-05 12:01:02 --> Too few arguments to function CodeIgniter\BaseModel::save(), 0 passed in C:\xampp\htdocs\daswaa\app\Controllers\Order.php on line 72 and exactly 1 expected
in SYSTEMPATH\BaseModel.php on line 683.
 1 APPPATH\Controllers\Order.php(72): CodeIgniter\BaseModel->save()
 2 SYSTEMPATH\CodeIgniter.php(932): App\Controllers\Order->store()
 3 SYSTEMPATH\CodeIgniter.php(497): CodeIgniter\CodeIgniter->runController(Object(App\Controllers\Order))
 4 SYSTEMPATH\CodeIgniter.php(366): CodeIgniter\CodeIgniter->handleRequest(null, Object(Config\Cache), false)
 5 FCPATH\index.php(67): CodeIgniter\CodeIgniter->run()
CRITICAL - 2023-09-05 12:01:09 --> Too few arguments to function CodeIgniter\BaseModel::save(), 0 passed in C:\xampp\htdocs\daswaa\app\Controllers\Order.php on line 70 and exactly 1 expected
in SYSTEMPATH\BaseModel.php on line 683.
 1 APPPATH\Controllers\Order.php(70): CodeIgniter\BaseModel->save()
 2 SYSTEMPATH\CodeIgniter.php(932): App\Controllers\Order->store()
 3 SYSTEMPATH\CodeIgniter.php(497): CodeIgniter\CodeIgniter->runController(Object(App\Controllers\Order))
 4 SYSTEMPATH\CodeIgniter.php(366): CodeIgniter\CodeIgniter->handleRequest(null, Object(Config\Cache), false)
 5 FCPATH\index.php(67): CodeIgniter\CodeIgniter->run()
CRITICAL - 2023-09-05 12:01:27 --> Too few arguments to function CodeIgniter\BaseModel::save(), 0 passed in C:\xampp\htdocs\daswaa\app\Controllers\Order.php on line 70 and exactly 1 expected
in SYSTEMPATH\BaseModel.php on line 683.
 1 APPPATH\Controllers\Order.php(70): CodeIgniter\BaseModel->save()
 2 SYSTEMPATH\CodeIgniter.php(932): App\Controllers\Order->store()
 3 SYSTEMPATH\CodeIgniter.php(497): CodeIgniter\CodeIgniter->runController(Object(App\Controllers\Order))
 4 SYSTEMPATH\CodeIgniter.php(366): CodeIgniter\CodeIgniter->handleRequest(null, Object(Config\Cache), false)
 5 FCPATH\index.php(67): CodeIgniter\CodeIgniter->run()
CRITICAL - 2023-09-05 12:01:47 --> Too few arguments to function CodeIgniter\BaseModel::save(), 0 passed in C:\xampp\htdocs\daswaa\app\Controllers\Order.php on line 70 and exactly 1 expected
in SYSTEMPATH\BaseModel.php on line 683.
 1 APPPATH\Controllers\Order.php(70): CodeIgniter\BaseModel->save()
 2 SYSTEMPATH\CodeIgniter.php(932): App\Controllers\Order->store()
 3 SYSTEMPATH\CodeIgniter.php(497): CodeIgniter\CodeIgniter->runController(Object(App\Controllers\Order))
 4 SYSTEMPATH\CodeIgniter.php(366): CodeIgniter\CodeIgniter->handleRequest(null, Object(Config\Cache), false)
 5 FCPATH\index.php(67): CodeIgniter\CodeIgniter->run()
CRITICAL - 2023-09-05 12:01:51 --> Too few arguments to function CodeIgniter\BaseModel::save(), 0 passed in C:\xampp\htdocs\daswaa\app\Controllers\Order.php on line 70 and exactly 1 expected
in SYSTEMPATH\BaseModel.php on line 683.
 1 APPPATH\Controllers\Order.php(70): CodeIgniter\BaseModel->save()
 2 SYSTEMPATH\CodeIgniter.php(932): App\Controllers\Order->store()
 3 SYSTEMPATH\CodeIgniter.php(497): CodeIgniter\CodeIgniter->runController(Object(App\Controllers\Order))
 4 SYSTEMPATH\CodeIgniter.php(366): CodeIgniter\CodeIgniter->handleRequest(null, Object(Config\Cache), false)
 5 FCPATH\index.php(67): CodeIgniter\CodeIgniter->run()
CRITICAL - 2023-09-05 12:02:27 --> Too few arguments to function CodeIgniter\BaseModel::save(), 0 passed in C:\xampp\htdocs\daswaa\app\Controllers\Order.php on line 73 and exactly 1 expected
in SYSTEMPATH\BaseModel.php on line 683.
 1 APPPATH\Controllers\Order.php(73): CodeIgniter\BaseModel->save()
 2 SYSTEMPATH\CodeIgniter.php(932): App\Controllers\Order->store()
 3 SYSTEMPATH\CodeIgniter.php(497): CodeIgniter\CodeIgniter->runController(Object(App\Controllers\Order))
 4 SYSTEMPATH\CodeIgniter.php(366): CodeIgniter\CodeIgniter->handleRequest(null, Object(Config\Cache), false)
 5 FCPATH\index.php(67): CodeIgniter\CodeIgniter->run()
CRITICAL - 2023-09-05 12:03:34 --> There is no data to insert.
in SYSTEMPATH\BaseModel.php on line 762.
 1 SYSTEMPATH\BaseModel.php(762): CodeIgniter\Database\Exceptions\DataException::forEmptyDataset('insert')
 2 SYSTEMPATH\Model.php(730): CodeIgniter\BaseModel->insert([], false)
 3 SYSTEMPATH\BaseModel.php(692): CodeIgniter\Model->insert(Object(App\Models\ClientModel), false)
 4 APPPATH\Controllers\Order.php(73): CodeIgniter\BaseModel->save(Object(App\Models\ClientModel))
 5 SYSTEMPATH\CodeIgniter.php(932): App\Controllers\Order->store()
 6 SYSTEMPATH\CodeIgniter.php(497): CodeIgniter\CodeIgniter->runController(Object(App\Controllers\Order))
 7 SYSTEMPATH\CodeIgniter.php(366): CodeIgniter\CodeIgniter->handleRequest(null, Object(Config\Cache), false)
 8 FCPATH\index.php(67): CodeIgniter\CodeIgniter->run()
CRITICAL - 2023-09-05 12:04:34 --> There is no data to insert.
in SYSTEMPATH\BaseModel.php on line 762.
 1 SYSTEMPATH\BaseModel.php(762): CodeIgniter\Database\Exceptions\DataException::forEmptyDataset('insert')
 2 SYSTEMPATH\Model.php(730): CodeIgniter\BaseModel->insert([], false)
 3 SYSTEMPATH\BaseModel.php(692): CodeIgniter\Model->insert(Object(App\Models\ClientModel), false)
 4 APPPATH\Controllers\Order.php(74): CodeIgniter\BaseModel->save(Object(App\Models\ClientModel))
 5 SYSTEMPATH\CodeIgniter.php(932): App\Controllers\Order->store()
 6 SYSTEMPATH\CodeIgniter.php(497): CodeIgniter\CodeIgniter->runController(Object(App\Controllers\Order))
 7 SYSTEMPATH\CodeIgniter.php(366): CodeIgniter\CodeIgniter->handleRequest(null, Object(Config\Cache), false)
 8 FCPATH\index.php(67): CodeIgniter\CodeIgniter->run()
CRITICAL - 2023-09-05 12:04:49 --> There is no data to insert.
in SYSTEMPATH\BaseModel.php on line 762.
 1 SYSTEMPATH\BaseModel.php(762): CodeIgniter\Database\Exceptions\DataException::forEmptyDataset('insert')
 2 SYSTEMPATH\Model.php(730): CodeIgniter\BaseModel->insert([], false)
 3 SYSTEMPATH\BaseModel.php(692): CodeIgniter\Model->insert(Object(App\Models\ClientModel), false)
 4 APPPATH\Controllers\Order.php(74): CodeIgniter\BaseModel->save(Object(App\Models\ClientModel))
 5 SYSTEMPATH\CodeIgniter.php(932): App\Controllers\Order->store()
 6 SYSTEMPATH\CodeIgniter.php(497): CodeIgniter\CodeIgniter->runController(Object(App\Controllers\Order))
 7 SYSTEMPATH\CodeIgniter.php(366): CodeIgniter\CodeIgniter->handleRequest(null, Object(Config\Cache), false)
 8 FCPATH\index.php(67): CodeIgniter\CodeIgniter->run()
CRITICAL - 2023-09-05 12:06:19 --> Undefined variable $allowedFields
in APPPATH\Controllers\Order.php on line 72.
 1 APPPATH\Controllers\Order.php(72): CodeIgniter\Debug\Exceptions->errorHandler(2, 'Undefined variable $allowedFields', 'C:\\xampp\\htdocs\\daswaa\\app\\Controllers\\Order.php', 72)
 2 SYSTEMPATH\CodeIgniter.php(932): App\Controllers\Order->store()
 3 SYSTEMPATH\CodeIgniter.php(497): CodeIgniter\CodeIgniter->runController(Object(App\Controllers\Order))
 4 SYSTEMPATH\CodeIgniter.php(366): CodeIgniter\CodeIgniter->handleRequest(null, Object(Config\Cache), false)
 5 FCPATH\index.php(67): CodeIgniter\CodeIgniter->run()
CRITICAL - 2023-09-05 12:06:56 --> Undefined variable $allowedFields
in APPPATH\Controllers\Order.php on line 68.
 1 APPPATH\Controllers\Order.php(68): CodeIgniter\Debug\Exceptions->errorHandler(2, 'Undefined variable $allowedFields', 'C:\\xampp\\htdocs\\daswaa\\app\\Controllers\\Order.php', 68)
 2 SYSTEMPATH\CodeIgniter.php(932): App\Controllers\Order->store()
 3 SYSTEMPATH\CodeIgniter.php(497): CodeIgniter\CodeIgniter->runController(Object(App\Controllers\Order))
 4 SYSTEMPATH\CodeIgniter.php(366): CodeIgniter\CodeIgniter->handleRequest(null, Object(Config\Cache), false)
 5 FCPATH\index.php(67): CodeIgniter\CodeIgniter->run()
CRITICAL - 2023-09-05 12:14:56 --> Object of class CodeIgniter\HTTP\IncomingRequest could not be converted to string
in APPPATH\Controllers\Order.php on line 68.
 1 SYSTEMPATH\CodeIgniter.php(932): App\Controllers\Order->store()
 2 SYSTEMPATH\CodeIgniter.php(497): CodeIgniter\CodeIgniter->runController(Object(App\Controllers\Order))
 3 SYSTEMPATH\CodeIgniter.php(366): CodeIgniter\CodeIgniter->handleRequest(null, Object(Config\Cache), false)
 4 FCPATH\index.php(67): CodeIgniter\CodeIgniter->run()
ERROR - 2023-09-05 12:16:36 --> mysqli_sql_exception: Unknown column 'phone' in 'field list' in C:\xampp\htdocs\daswaa\system\Database\MySQLi\Connection.php:295
Stack trace:
#0 C:\xampp\htdocs\daswaa\system\Database\MySQLi\Connection.php(295): mysqli->query('INSERT INTO `cl...', 0)
#1 C:\xampp\htdocs\daswaa\system\Database\BaseConnection.php(692): CodeIgniter\Database\MySQLi\Connection->execute('INSERT INTO `cl...')
#2 C:\xampp\htdocs\daswaa\system\Database\BaseConnection.php(606): CodeIgniter\Database\BaseConnection->simpleQuery('INSERT INTO `cl...')
#3 C:\xampp\htdocs\daswaa\system\Database\BaseBuilder.php(2309): CodeIgniter\Database\BaseConnection->query('INSERT INTO `cl...', Array, false)
#4 C:\xampp\htdocs\daswaa\app\Models\ClientModel.php(21): CodeIgniter\Database\BaseBuilder->insert(Array)
#5 C:\xampp\htdocs\daswaa\app\Controllers\Order.php(70): App\Models\ClientModel->saveProduct(Array)
#6 C:\xampp\htdocs\daswaa\system\CodeIgniter.php(932): App\Controllers\Order->store()
#7 C:\xampp\htdocs\daswaa\system\CodeIgniter.php(497): CodeIgniter\CodeIgniter->runController(Object(App\Controllers\Order))
#8 C:\xampp\htdocs\daswaa\system\CodeIgniter.php(366): CodeIgniter\CodeIgniter->handleRequest(NULL, Object(Config\Cache), false)
#9 C:\xampp\htdocs\daswaa\public\index.php(67): CodeIgniter\CodeIgniter->run()
#10 {main}
CRITICAL - 2023-09-05 12:16:36 --> Unknown column 'phone' in 'field list'
in SYSTEMPATH\Database\MySQLi\Connection.php on line 295.
 1 SYSTEMPATH\Database\MySQLi\Connection.php(295): mysqli->query('INSERT INTO `client` (`first_name`, `father_name`, `last_name`, `nationality_number`, `phone`, `isRegular`, `serviceId`) VALUES (NULL, NULL, NULL, NULL, NULL, NULL, \'1\')', 0)
 2 SYSTEMPATH\Database\BaseConnection.php(692): CodeIgniter\Database\MySQLi\Connection->execute('INSERT INTO `client` (`first_name`, `father_name`, `last_name`, `nationality_number`, `phone`, `isRegular`, `serviceId`) VALUES (NULL, NULL, NULL, NULL, NULL, NULL, \'1\')')
 3 SYSTEMPATH\Database\BaseConnection.php(606): CodeIgniter\Database\BaseConnection->simpleQuery('INSERT INTO `client` (`first_name`, `father_name`, `last_name`, `nationality_number`, `phone`, `isRegular`, `serviceId`) VALUES (NULL, NULL, NULL, NULL, NULL, NULL, \'1\')')
 4 SYSTEMPATH\Database\BaseBuilder.php(2309): CodeIgniter\Database\BaseConnection->query('INSERT INTO `client` (`first_name`, `father_name`, `last_name`, `nationality_number`, `phone`, `isRegular`, `serviceId`) VALUES (:first_name:, :father_name:, :last_name:, :nationality_number:, :phone:, :isRegular:, :serviceId:)', [...], false)
 5 APPPATH\Models\ClientModel.php(21): CodeIgniter\Database\BaseBuilder->insert([...])
 6 APPPATH\Controllers\Order.php(70): App\Models\ClientModel->saveProduct([...])
 7 SYSTEMPATH\CodeIgniter.php(932): App\Controllers\Order->store()
 8 SYSTEMPATH\CodeIgniter.php(497): CodeIgniter\CodeIgniter->runController(Object(App\Controllers\Order))
 9 SYSTEMPATH\CodeIgniter.php(366): CodeIgniter\CodeIgniter->handleRequest(null, Object(Config\Cache), false)
10 FCPATH\index.php(67): CodeIgniter\CodeIgniter->run()
CRITICAL - 2023-09-05 12:17:21 --> Undefined constant "App\Controllers\request"
in APPPATH\Controllers\Order.php on line 62.
 1 SYSTEMPATH\CodeIgniter.php(932): App\Controllers\Order->store()
 2 SYSTEMPATH\CodeIgniter.php(497): CodeIgniter\CodeIgniter->runController(Object(App\Controllers\Order))
 3 SYSTEMPATH\CodeIgniter.php(366): CodeIgniter\CodeIgniter->handleRequest(null, Object(Config\Cache), false)
 4 FCPATH\index.php(67): CodeIgniter\CodeIgniter->run()
ERROR - 2023-09-05 12:17:56 --> mysqli_sql_exception: Unknown column 'phone' in 'field list' in C:\xampp\htdocs\daswaa\system\Database\MySQLi\Connection.php:295
Stack trace:
#0 C:\xampp\htdocs\daswaa\system\Database\MySQLi\Connection.php(295): mysqli->query('INSERT INTO `cl...', 0)
#1 C:\xampp\htdocs\daswaa\system\Database\BaseConnection.php(692): CodeIgniter\Database\MySQLi\Connection->execute('INSERT INTO `cl...')
#2 C:\xampp\htdocs\daswaa\system\Database\BaseConnection.php(606): CodeIgniter\Database\BaseConnection->simpleQuery('INSERT INTO `cl...')
#3 C:\xampp\htdocs\daswaa\system\Database\BaseBuilder.php(2309): CodeIgniter\Database\BaseConnection->query('INSERT INTO `cl...', Array, false)
#4 C:\xampp\htdocs\daswaa\app\Models\ClientModel.php(21): CodeIgniter\Database\BaseBuilder->insert(Array)
#5 C:\xampp\htdocs\daswaa\app\Controllers\Order.php(70): App\Models\ClientModel->saveProduct(Array)
#6 C:\xampp\htdocs\daswaa\system\CodeIgniter.php(932): App\Controllers\Order->store()
#7 C:\xampp\htdocs\daswaa\system\CodeIgniter.php(497): CodeIgniter\CodeIgniter->runController(Object(App\Controllers\Order))
#8 C:\xampp\htdocs\daswaa\system\CodeIgniter.php(366): CodeIgniter\CodeIgniter->handleRequest(NULL, Object(Config\Cache), false)
#9 C:\xampp\htdocs\daswaa\public\index.php(67): CodeIgniter\CodeIgniter->run()
#10 {main}
CRITICAL - 2023-09-05 12:17:56 --> Unknown column 'phone' in 'field list'
in SYSTEMPATH\Database\MySQLi\Connection.php on line 295.
 1 SYSTEMPATH\Database\MySQLi\Connection.php(295): mysqli->query('INSERT INTO `client` (`first_name`, `father_name`, `last_name`, `nationality_number`, `phone`, `isRegular`, `serviceId`) VALUES (NULL, NULL, NULL, NULL, NULL, NULL, \'1\')', 0)
 2 SYSTEMPATH\Database\BaseConnection.php(692): CodeIgniter\Database\MySQLi\Connection->execute('INSERT INTO `client` (`first_name`, `father_name`, `last_name`, `nationality_number`, `phone`, `isRegular`, `serviceId`) VALUES (NULL, NULL, NULL, NULL, NULL, NULL, \'1\')')
 3 SYSTEMPATH\Database\BaseConnection.php(606): CodeIgniter\Database\BaseConnection->simpleQuery('INSERT INTO `client` (`first_name`, `father_name`, `last_name`, `nationality_number`, `phone`, `isRegular`, `serviceId`) VALUES (NULL, NULL, NULL, NULL, NULL, NULL, \'1\')')
 4 SYSTEMPATH\Database\BaseBuilder.php(2309): CodeIgniter\Database\BaseConnection->query('INSERT INTO `client` (`first_name`, `father_name`, `last_name`, `nationality_number`, `phone`, `isRegular`, `serviceId`) VALUES (:first_name:, :father_name:, :last_name:, :nationality_number:, :phone:, :isRegular:, :serviceId:)', [...], false)
 5 APPPATH\Models\ClientModel.php(21): CodeIgniter\Database\BaseBuilder->insert([...])
 6 APPPATH\Controllers\Order.php(70): App\Models\ClientModel->saveProduct([...])
 7 SYSTEMPATH\CodeIgniter.php(932): App\Controllers\Order->store()
 8 SYSTEMPATH\CodeIgniter.php(497): CodeIgniter\CodeIgniter->runController(Object(App\Controllers\Order))
 9 SYSTEMPATH\CodeIgniter.php(366): CodeIgniter\CodeIgniter->handleRequest(null, Object(Config\Cache), false)
10 FCPATH\index.php(67): CodeIgniter\CodeIgniter->run()
ERROR - 2023-09-05 12:19:13 --> mysqli_sql_exception: Unknown column 'isRegular' in 'field list' in C:\xampp\htdocs\daswaa\system\Database\MySQLi\Connection.php:295
Stack trace:
#0 C:\xampp\htdocs\daswaa\system\Database\MySQLi\Connection.php(295): mysqli->query('INSERT INTO `cl...', 0)
#1 C:\xampp\htdocs\daswaa\system\Database\BaseConnection.php(692): CodeIgniter\Database\MySQLi\Connection->execute('INSERT INTO `cl...')
#2 C:\xampp\htdocs\daswaa\system\Database\BaseConnection.php(606): CodeIgniter\Database\BaseConnection->simpleQuery('INSERT INTO `cl...')
#3 C:\xampp\htdocs\daswaa\system\Database\BaseBuilder.php(2309): CodeIgniter\Database\BaseConnection->query('INSERT INTO `cl...', Array, false)
#4 C:\xampp\htdocs\daswaa\app\Models\ClientModel.php(21): CodeIgniter\Database\BaseBuilder->insert(Array)
#5 C:\xampp\htdocs\daswaa\app\Controllers\Order.php(70): App\Models\ClientModel->saveProduct(Array)
#6 C:\xampp\htdocs\daswaa\system\CodeIgniter.php(932): App\Controllers\Order->store()
#7 C:\xampp\htdocs\daswaa\system\CodeIgniter.php(497): CodeIgniter\CodeIgniter->runController(Object(App\Controllers\Order))
#8 C:\xampp\htdocs\daswaa\system\CodeIgniter.php(366): CodeIgniter\CodeIgniter->handleRequest(NULL, Object(Config\Cache), false)
#9 C:\xampp\htdocs\daswaa\public\index.php(67): CodeIgniter\CodeIgniter->run()
#10 {main}
CRITICAL - 2023-09-05 12:19:13 --> Unknown column 'isRegular' in 'field list'
in SYSTEMPATH\Database\MySQLi\Connection.php on line 295.
 1 SYSTEMPATH\Database\MySQLi\Connection.php(295): mysqli->query('INSERT INTO `client` (`first_name`, `father_name`, `last_name`, `nationality_number`, `isRegular`, `serviceId`) VALUES (\'Xdz\', \'sfdfsa\', \'fasdfdsf\', \'dfsaf\', NULL, \'1\')', 0)
 2 SYSTEMPATH\Database\BaseConnection.php(692): CodeIgniter\Database\MySQLi\Connection->execute('INSERT INTO `client` (`first_name`, `father_name`, `last_name`, `nationality_number`, `isRegular`, `serviceId`) VALUES (\'Xdz\', \'sfdfsa\', \'fasdfdsf\', \'dfsaf\', NULL, \'1\')')
 3 SYSTEMPATH\Database\BaseConnection.php(606): CodeIgniter\Database\BaseConnection->simpleQuery('INSERT INTO `client` (`first_name`, `father_name`, `last_name`, `nationality_number`, `isRegular`, `serviceId`) VALUES (\'Xdz\', \'sfdfsa\', \'fasdfdsf\', \'dfsaf\', NULL, \'1\')')
 4 SYSTEMPATH\Database\BaseBuilder.php(2309): CodeIgniter\Database\BaseConnection->query('INSERT INTO `client` (`first_name`, `father_name`, `last_name`, `nationality_number`, `isRegular`, `serviceId`) VALUES (:first_name:, :father_name:, :last_name:, :nationality_number:, :isRegular:, :serviceId:)', [...], false)
 5 APPPATH\Models\ClientModel.php(21): CodeIgniter\Database\BaseBuilder->insert([...])
 6 APPPATH\Controllers\Order.php(70): App\Models\ClientModel->saveProduct([...])
 7 SYSTEMPATH\CodeIgniter.php(932): App\Controllers\Order->store()
 8 SYSTEMPATH\CodeIgniter.php(497): CodeIgniter\CodeIgniter->runController(Object(App\Controllers\Order))
 9 SYSTEMPATH\CodeIgniter.php(366): CodeIgniter\CodeIgniter->handleRequest(null, Object(Config\Cache), false)
10 FCPATH\index.php(67): CodeIgniter\CodeIgniter->run()
CRITICAL - 2023-09-05 12:21:11 --> Undefined variable $clientModel
in APPPATH\Controllers\Order.php on line 56.
 1 APPPATH\Controllers\Order.php(56): CodeIgniter\Debug\Exceptions->errorHandler(2, 'Undefined variable $clientModel', 'C:\\xampp\\htdocs\\daswaa\\app\\Controllers\\Order.php', 56)
 2 SYSTEMPATH\CodeIgniter.php(932): App\Controllers\Order->store()
 3 SYSTEMPATH\CodeIgniter.php(497): CodeIgniter\CodeIgniter->runController(Object(App\Controllers\Order))
 4 SYSTEMPATH\CodeIgniter.php(366): CodeIgniter\CodeIgniter->handleRequest(null, Object(Config\Cache), false)
 5 FCPATH\index.php(67): CodeIgniter\CodeIgniter->run()
CRITICAL - 2023-09-05 12:21:45 --> Undefined variable $clientModel
in APPPATH\Controllers\Order.php on line 56.
 1 APPPATH\Controllers\Order.php(56): CodeIgniter\Debug\Exceptions->errorHandler(2, 'Undefined variable $clientModel', 'C:\\xampp\\htdocs\\daswaa\\app\\Controllers\\Order.php', 56)
 2 SYSTEMPATH\CodeIgniter.php(932): App\Controllers\Order->store()
 3 SYSTEMPATH\CodeIgniter.php(497): CodeIgniter\CodeIgniter->runController(Object(App\Controllers\Order))
 4 SYSTEMPATH\CodeIgniter.php(366): CodeIgniter\CodeIgniter->handleRequest(null, Object(Config\Cache), false)
 5 FCPATH\index.php(67): CodeIgniter\CodeIgniter->run()
CRITICAL - 2023-09-05 12:21:56 --> Undefined variable $clientModel
in APPPATH\Controllers\Order.php on line 56.
 1 APPPATH\Controllers\Order.php(56): CodeIgniter\Debug\Exceptions->errorHandler(2, 'Undefined variable $clientModel', 'C:\\xampp\\htdocs\\daswaa\\app\\Controllers\\Order.php', 56)
 2 SYSTEMPATH\CodeIgniter.php(932): App\Controllers\Order->store()
 3 SYSTEMPATH\CodeIgniter.php(497): CodeIgniter\CodeIgniter->runController(Object(App\Controllers\Order))
 4 SYSTEMPATH\CodeIgniter.php(366): CodeIgniter\CodeIgniter->handleRequest(null, Object(Config\Cache), false)
 5 FCPATH\index.php(67): CodeIgniter\CodeIgniter->run()
CRITICAL - 2023-09-05 12:23:04 --> Call to undefined method App\Models\ClientModel::saveProduct
in SYSTEMPATH\Model.php on line 838.
 1 APPPATH\Controllers\Order.php(69): CodeIgniter\Model->__call('saveProduct', [...])
 2 SYSTEMPATH\CodeIgniter.php(932): App\Controllers\Order->store()
 3 SYSTEMPATH\CodeIgniter.php(497): CodeIgniter\CodeIgniter->runController(Object(App\Controllers\Order))
 4 SYSTEMPATH\CodeIgniter.php(366): CodeIgniter\CodeIgniter->handleRequest(null, Object(Config\Cache), false)
 5 FCPATH\index.php(67): CodeIgniter\CodeIgniter->run()
CRITICAL - 2023-09-05 12:23:39 --> Declaration of App\Models\ClientModel::save($data) must be compatible with CodeIgniter\BaseModel::save($data): bool
in APPPATH\Models\ClientModel.php on line 33.
 1 [internal function]: CodeIgniter\Debug\Exceptions->shutdownHandler()
CRITICAL - 2023-09-05 12:30:26 --> Undefined variable $createdClientId
in APPPATH\Controllers\Order.php on line 72.
 1 APPPATH\Controllers\Order.php(72): CodeIgniter\Debug\Exceptions->errorHandler(2, 'Undefined variable $createdClientId', 'C:\\xampp\\htdocs\\daswaa\\app\\Controllers\\Order.php', 72)
 2 SYSTEMPATH\CodeIgniter.php(932): App\Controllers\Order->store()
 3 SYSTEMPATH\CodeIgniter.php(497): CodeIgniter\CodeIgniter->runController(Object(App\Controllers\Order))
 4 SYSTEMPATH\CodeIgniter.php(366): CodeIgniter\CodeIgniter->handleRequest(null, Object(Config\Cache), false)
 5 FCPATH\index.php(67): CodeIgniter\CodeIgniter->run()
CRITICAL - 2023-09-05 12:32:05 --> Undefined variable $createdClientId
in APPPATH\Controllers\Order.php on line 70.
 1 APPPATH\Controllers\Order.php(70): CodeIgniter\Debug\Exceptions->errorHandler(2, 'Undefined variable $createdClientId', 'C:\\xampp\\htdocs\\daswaa\\app\\Controllers\\Order.php', 70)
 2 SYSTEMPATH\CodeIgniter.php(932): App\Controllers\Order->store()
 3 SYSTEMPATH\CodeIgniter.php(497): CodeIgniter\CodeIgniter->runController(Object(App\Controllers\Order))
 4 SYSTEMPATH\CodeIgniter.php(366): CodeIgniter\CodeIgniter->handleRequest(null, Object(Config\Cache), false)
 5 FCPATH\index.php(67): CodeIgniter\CodeIgniter->run()
CRITICAL - 2023-09-05 12:33:07 --> Undefined variable $id
in APPPATH\Controllers\Order.php on line 71.
 1 APPPATH\Controllers\Order.php(71): CodeIgniter\Debug\Exceptions->errorHandler(2, 'Undefined variable $id', 'C:\\xampp\\htdocs\\daswaa\\app\\Controllers\\Order.php', 71)
 2 SYSTEMPATH\CodeIgniter.php(932): App\Controllers\Order->store()
 3 SYSTEMPATH\CodeIgniter.php(497): CodeIgniter\CodeIgniter->runController(Object(App\Controllers\Order))
 4 SYSTEMPATH\CodeIgniter.php(366): CodeIgniter\CodeIgniter->handleRequest(null, Object(Config\Cache), false)
 5 FCPATH\index.php(67): CodeIgniter\CodeIgniter->run()
CRITICAL - 2023-09-05 12:33:24 --> Undefined variable $id
in APPPATH\Controllers\Order.php on line 71.
 1 APPPATH\Controllers\Order.php(71): CodeIgniter\Debug\Exceptions->errorHandler(2, 'Undefined variable $id', 'C:\\xampp\\htdocs\\daswaa\\app\\Controllers\\Order.php', 71)
 2 SYSTEMPATH\CodeIgniter.php(932): App\Controllers\Order->store()
 3 SYSTEMPATH\CodeIgniter.php(497): CodeIgniter\CodeIgniter->runController(Object(App\Controllers\Order))
 4 SYSTEMPATH\CodeIgniter.php(366): CodeIgniter\CodeIgniter->handleRequest(null, Object(Config\Cache), false)
 5 FCPATH\index.php(67): CodeIgniter\CodeIgniter->run()
CRITICAL - 2023-09-05 12:33:46 --> Attempt to read property "id" on array
in APPPATH\Controllers\Order.php on line 71.
 1 APPPATH\Controllers\Order.php(71): CodeIgniter\Debug\Exceptions->errorHandler(2, 'Attempt to read property "id" on array', 'C:\\xampp\\htdocs\\daswaa\\app\\Controllers\\Order.php', 71)
 2 SYSTEMPATH\CodeIgniter.php(932): App\Controllers\Order->store()
 3 SYSTEMPATH\CodeIgniter.php(497): CodeIgniter\CodeIgniter->runController(Object(App\Controllers\Order))
 4 SYSTEMPATH\CodeIgniter.php(366): CodeIgniter\CodeIgniter->handleRequest(null, Object(Config\Cache), false)
 5 FCPATH\index.php(67): CodeIgniter\CodeIgniter->run()
CRITICAL - 2023-09-05 12:35:42 --> Attempt to read property "id" on array
in APPPATH\Controllers\Order.php on line 71.
 1 APPPATH\Controllers\Order.php(71): CodeIgniter\Debug\Exceptions->errorHandler(2, 'Attempt to read property "id" on array', 'C:\\xampp\\htdocs\\daswaa\\app\\Controllers\\Order.php', 71)
 2 SYSTEMPATH\CodeIgniter.php(932): App\Controllers\Order->store()
 3 SYSTEMPATH\CodeIgniter.php(497): CodeIgniter\CodeIgniter->runController(Object(App\Controllers\Order))
 4 SYSTEMPATH\CodeIgniter.php(366): CodeIgniter\CodeIgniter->handleRequest(null, Object(Config\Cache), false)
 5 FCPATH\index.php(67): CodeIgniter\CodeIgniter->run()
CRITICAL - 2023-09-05 12:36:40 --> Attempt to read property "id" on array
in APPPATH\Controllers\Order.php on line 71.
 1 APPPATH\Controllers\Order.php(71): CodeIgniter\Debug\Exceptions->errorHandler(2, 'Attempt to read property "id" on array', 'C:\\xampp\\htdocs\\daswaa\\app\\Controllers\\Order.php', 71)
 2 SYSTEMPATH\CodeIgniter.php(932): App\Controllers\Order->store()
 3 SYSTEMPATH\CodeIgniter.php(497): CodeIgniter\CodeIgniter->runController(Object(App\Controllers\Order))
 4 SYSTEMPATH\CodeIgniter.php(366): CodeIgniter\CodeIgniter->handleRequest(null, Object(Config\Cache), false)
 5 FCPATH\index.php(67): CodeIgniter\CodeIgniter->run()
CRITICAL - 2023-09-05 12:40:07 --> Attempt to read property "id" on array
in APPPATH\Controllers\Order.php on line 71.
 1 APPPATH\Controllers\Order.php(71): CodeIgniter\Debug\Exceptions->errorHandler(2, 'Attempt to read property "id" on array', 'C:\\xampp\\htdocs\\daswaa\\app\\Controllers\\Order.php', 71)
 2 SYSTEMPATH\CodeIgniter.php(932): App\Controllers\Order->store()
 3 SYSTEMPATH\CodeIgniter.php(497): CodeIgniter\CodeIgniter->runController(Object(App\Controllers\Order))
 4 SYSTEMPATH\CodeIgniter.php(366): CodeIgniter\CodeIgniter->handleRequest(null, Object(Config\Cache), false)
 5 FCPATH\index.php(67): CodeIgniter\CodeIgniter->run()
CRITICAL - 2023-09-05 12:40:26 --> Call to undefined method App\Controllers\Order::saveOrder()
in APPPATH\Controllers\Order.php on line 83.
 1 SYSTEMPATH\CodeIgniter.php(932): App\Controllers\Order->store()
 2 SYSTEMPATH\CodeIgniter.php(497): CodeIgniter\CodeIgniter->runController(Object(App\Controllers\Order))
 3 SYSTEMPATH\CodeIgniter.php(366): CodeIgniter\CodeIgniter->handleRequest(null, Object(Config\Cache), false)
 4 FCPATH\index.php(67): CodeIgniter\CodeIgniter->run()
CRITICAL - 2023-09-05 12:40:28 --> Call to undefined method App\Controllers\Order::saveOrder()
in APPPATH\Controllers\Order.php on line 83.
 1 SYSTEMPATH\CodeIgniter.php(932): App\Controllers\Order->store()
 2 SYSTEMPATH\CodeIgniter.php(497): CodeIgniter\CodeIgniter->runController(Object(App\Controllers\Order))
 3 SYSTEMPATH\CodeIgniter.php(366): CodeIgniter\CodeIgniter->handleRequest(null, Object(Config\Cache), false)
 4 FCPATH\index.php(67): CodeIgniter\CodeIgniter->run()
ERROR - 2023-09-05 12:41:02 --> mysqli_sql_exception: Table 'daswaa.orders' doesn't exist in C:\xampp\htdocs\daswaa\system\Database\MySQLi\Connection.php:295
Stack trace:
#0 C:\xampp\htdocs\daswaa\system\Database\MySQLi\Connection.php(295): mysqli->query('INSERT INTO `or...', 0)
#1 C:\xampp\htdocs\daswaa\system\Database\BaseConnection.php(692): CodeIgniter\Database\MySQLi\Connection->execute('INSERT INTO `or...')
#2 C:\xampp\htdocs\daswaa\system\Database\BaseConnection.php(606): CodeIgniter\Database\BaseConnection->simpleQuery('INSERT INTO `or...')
#3 C:\xampp\htdocs\daswaa\system\Database\BaseBuilder.php(2309): CodeIgniter\Database\BaseConnection->query('INSERT INTO `or...', Array, false)
#4 C:\xampp\htdocs\daswaa\app\Models\OrderModel.php(11): CodeIgniter\Database\BaseBuilder->insert(Object(App\Models\OrderModel))
#5 C:\xampp\htdocs\daswaa\app\Controllers\Order.php(83): App\Models\OrderModel->saveOrder(Object(App\Models\OrderModel))
#6 C:\xampp\htdocs\daswaa\system\CodeIgniter.php(932): App\Controllers\Order->store()
#7 C:\xampp\htdocs\daswaa\system\CodeIgniter.php(497): CodeIgniter\CodeIgniter->runController(Object(App\Controllers\Order))
#8 C:\xampp\htdocs\daswaa\system\CodeIgniter.php(366): CodeIgniter\CodeIgniter->handleRequest(NULL, Object(Config\Cache), false)
#9 C:\xampp\htdocs\daswaa\public\index.php(67): CodeIgniter\CodeIgniter->run()
#10 {main}
CRITICAL - 2023-09-05 12:41:02 --> Table 'daswaa.orders' doesn't exist
in SYSTEMPATH\Database\MySQLi\Connection.php on line 295.
 1 SYSTEMPATH\Database\MySQLi\Connection.php(295): mysqli->query('INSERT INTO `orders` (`pager`) VALUES (NULL)', 0)
 2 SYSTEMPATH\Database\BaseConnection.php(692): CodeIgniter\Database\MySQLi\Connection->execute('INSERT INTO `orders` (`pager`) VALUES (NULL)')
 3 SYSTEMPATH\Database\BaseConnection.php(606): CodeIgniter\Database\BaseConnection->simpleQuery('INSERT INTO `orders` (`pager`) VALUES (NULL)')
 4 SYSTEMPATH\Database\BaseBuilder.php(2309): CodeIgniter\Database\BaseConnection->query('INSERT INTO `orders` (`pager`) VALUES (:pager:)', [...], false)
 5 APPPATH\Models\OrderModel.php(11): CodeIgniter\Database\BaseBuilder->insert(Object(App\Models\OrderModel))
 6 APPPATH\Controllers\Order.php(83): App\Models\OrderModel->saveOrder(Object(App\Models\OrderModel))
 7 SYSTEMPATH\CodeIgniter.php(932): App\Controllers\Order->store()
 8 SYSTEMPATH\CodeIgniter.php(497): CodeIgniter\CodeIgniter->runController(Object(App\Controllers\Order))
 9 SYSTEMPATH\CodeIgniter.php(366): CodeIgniter\CodeIgniter->handleRequest(null, Object(Config\Cache), false)
10 FCPATH\index.php(67): CodeIgniter\CodeIgniter->run()
ERROR - 2023-09-05 12:41:37 --> mysqli_sql_exception: Unknown column 'pager' in 'field list' in C:\xampp\htdocs\daswaa\system\Database\MySQLi\Connection.php:295
Stack trace:
#0 C:\xampp\htdocs\daswaa\system\Database\MySQLi\Connection.php(295): mysqli->query('INSERT INTO `or...', 0)
#1 C:\xampp\htdocs\daswaa\system\Database\BaseConnection.php(692): CodeIgniter\Database\MySQLi\Connection->execute('INSERT INTO `or...')
#2 C:\xampp\htdocs\daswaa\system\Database\BaseConnection.php(606): CodeIgniter\Database\BaseConnection->simpleQuery('INSERT INTO `or...')
#3 C:\xampp\htdocs\daswaa\system\Database\BaseBuilder.php(2309): CodeIgniter\Database\BaseConnection->query('INSERT INTO `or...', Array, false)
#4 C:\xampp\htdocs\daswaa\app\Models\OrderModel.php(11): CodeIgniter\Database\BaseBuilder->insert(Object(App\Models\OrderModel))
#5 C:\xampp\htdocs\daswaa\app\Controllers\Order.php(83): App\Models\OrderModel->saveOrder(Object(App\Models\OrderModel))
#6 C:\xampp\htdocs\daswaa\system\CodeIgniter.php(932): App\Controllers\Order->store()
#7 C:\xampp\htdocs\daswaa\system\CodeIgniter.php(497): CodeIgniter\CodeIgniter->runController(Object(App\Controllers\Order))
#8 C:\xampp\htdocs\daswaa\system\CodeIgniter.php(366): CodeIgniter\CodeIgniter->handleRequest(NULL, Object(Config\Cache), false)
#9 C:\xampp\htdocs\daswaa\public\index.php(67): CodeIgniter\CodeIgniter->run()
#10 {main}
CRITICAL - 2023-09-05 12:41:37 --> Unknown column 'pager' in 'field list'
in SYSTEMPATH\Database\MySQLi\Connection.php on line 295.
 1 SYSTEMPATH\Database\MySQLi\Connection.php(295): mysqli->query('INSERT INTO `order` (`pager`) VALUES (NULL)', 0)
 2 SYSTEMPATH\Database\BaseConnection.php(692): CodeIgniter\Database\MySQLi\Connection->execute('INSERT INTO `order` (`pager`) VALUES (NULL)')
 3 SYSTEMPATH\Database\BaseConnection.php(606): CodeIgniter\Database\BaseConnection->simpleQuery('INSERT INTO `order` (`pager`) VALUES (NULL)')
 4 SYSTEMPATH\Database\BaseBuilder.php(2309): CodeIgniter\Database\BaseConnection->query('INSERT INTO `order` (`pager`) VALUES (:pager:)', [...], false)
 5 APPPATH\Models\OrderModel.php(11): CodeIgniter\Database\BaseBuilder->insert(Object(App\Models\OrderModel))
 6 APPPATH\Controllers\Order.php(83): App\Models\OrderModel->saveOrder(Object(App\Models\OrderModel))
 7 SYSTEMPATH\CodeIgniter.php(932): App\Controllers\Order->store()
 8 SYSTEMPATH\CodeIgniter.php(497): CodeIgniter\CodeIgniter->runController(Object(App\Controllers\Order))
 9 SYSTEMPATH\CodeIgniter.php(366): CodeIgniter\CodeIgniter->handleRequest(null, Object(Config\Cache), false)
10 FCPATH\index.php(67): CodeIgniter\CodeIgniter->run()
ERROR - 2023-09-05 12:43:39 --> mysqli_sql_exception: Duplicate entry '0' for key 'PRIMARY' in C:\xampp\htdocs\daswaa\system\Database\MySQLi\Connection.php:295
Stack trace:
#0 C:\xampp\htdocs\daswaa\system\Database\MySQLi\Connection.php(295): mysqli->query('INSERT INTO `or...', 0)
#1 C:\xampp\htdocs\daswaa\system\Database\BaseConnection.php(692): CodeIgniter\Database\MySQLi\Connection->execute('INSERT INTO `or...')
#2 C:\xampp\htdocs\daswaa\system\Database\BaseConnection.php(606): CodeIgniter\Database\BaseConnection->simpleQuery('INSERT INTO `or...')
#3 C:\xampp\htdocs\daswaa\system\Database\BaseBuilder.php(2309): CodeIgniter\Database\BaseConnection->query('INSERT INTO `or...', Array, false)
#4 C:\xampp\htdocs\daswaa\app\Models\OrderModel.php(11): CodeIgniter\Database\BaseBuilder->insert(Array)
#5 C:\xampp\htdocs\daswaa\app\Controllers\Order.php(83): App\Models\OrderModel->saveOrder(Array)
#6 C:\xampp\htdocs\daswaa\system\CodeIgniter.php(932): App\Controllers\Order->store()
#7 C:\xampp\htdocs\daswaa\system\CodeIgniter.php(497): CodeIgniter\CodeIgniter->runController(Object(App\Controllers\Order))
#8 C:\xampp\htdocs\daswaa\system\CodeIgniter.php(366): CodeIgniter\CodeIgniter->handleRequest(NULL, Object(Config\Cache), false)
#9 C:\xampp\htdocs\daswaa\public\index.php(67): CodeIgniter\CodeIgniter->run()
#10 {main}
CRITICAL - 2023-09-05 12:43:39 --> Duplicate entry '0' for key 'PRIMARY'
in SYSTEMPATH\Database\MySQLi\Connection.php on line 295.
 1 SYSTEMPATH\Database\MySQLi\Connection.php(295): mysqli->query('INSERT INTO `order` (`client_id`, `service_id`, `property_type`) VALUES (\'0\', \'1\', \'0\')', 0)
 2 SYSTEMPATH\Database\BaseConnection.php(692): CodeIgniter\Database\MySQLi\Connection->execute('INSERT INTO `order` (`client_id`, `service_id`, `property_type`) VALUES (\'0\', \'1\', \'0\')')
 3 SYSTEMPATH\Database\BaseConnection.php(606): CodeIgniter\Database\BaseConnection->simpleQuery('INSERT INTO `order` (`client_id`, `service_id`, `property_type`) VALUES (\'0\', \'1\', \'0\')')
 4 SYSTEMPATH\Database\BaseBuilder.php(2309): CodeIgniter\Database\BaseConnection->query('INSERT INTO `order` (`client_id`, `service_id`, `property_type`) VALUES (:client_id:, :service_id:, :property_type:)', [...], false)
 5 APPPATH\Models\OrderModel.php(11): CodeIgniter\Database\BaseBuilder->insert([...])
 6 APPPATH\Controllers\Order.php(83): App\Models\OrderModel->saveOrder([...])
 7 SYSTEMPATH\CodeIgniter.php(932): App\Controllers\Order->store()
 8 SYSTEMPATH\CodeIgniter.php(497): CodeIgniter\CodeIgniter->runController(Object(App\Controllers\Order))
 9 SYSTEMPATH\CodeIgniter.php(366): CodeIgniter\CodeIgniter->handleRequest(null, Object(Config\Cache), false)
10 FCPATH\index.php(67): CodeIgniter\CodeIgniter->run()
ERROR - 2023-09-05 12:43:43 --> mysqli_sql_exception: Duplicate entry '0' for key 'PRIMARY' in C:\xampp\htdocs\daswaa\system\Database\MySQLi\Connection.php:295
Stack trace:
#0 C:\xampp\htdocs\daswaa\system\Database\MySQLi\Connection.php(295): mysqli->query('INSERT INTO `cl...', 0)
#1 C:\xampp\htdocs\daswaa\system\Database\BaseConnection.php(692): CodeIgniter\Database\MySQLi\Connection->execute('INSERT INTO `cl...')
#2 C:\xampp\htdocs\daswaa\system\Database\BaseConnection.php(606): CodeIgniter\Database\BaseConnection->simpleQuery('INSERT INTO `cl...')
#3 C:\xampp\htdocs\daswaa\system\Database\BaseBuilder.php(2309): CodeIgniter\Database\BaseConnection->query('INSERT INTO `cl...', Array, false)
#4 C:\xampp\htdocs\daswaa\app\Models\ClientModel.php(35): CodeIgniter\Database\BaseBuilder->insert(Array)
#5 C:\xampp\htdocs\daswaa\app\Controllers\Order.php(69): App\Models\ClientModel->saveClient(Array)
#6 C:\xampp\htdocs\daswaa\system\CodeIgniter.php(932): App\Controllers\Order->store()
#7 C:\xampp\htdocs\daswaa\system\CodeIgniter.php(497): CodeIgniter\CodeIgniter->runController(Object(App\Controllers\Order))
#8 C:\xampp\htdocs\daswaa\system\CodeIgniter.php(366): CodeIgniter\CodeIgniter->handleRequest(NULL, Object(Config\Cache), false)
#9 C:\xampp\htdocs\daswaa\public\index.php(67): CodeIgniter\CodeIgniter->run()
#10 {main}
CRITICAL - 2023-09-05 12:43:43 --> Duplicate entry '0' for key 'PRIMARY'
in SYSTEMPATH\Database\MySQLi\Connection.php on line 295.
 1 SYSTEMPATH\Database\MySQLi\Connection.php(295): mysqli->query('INSERT INTO `client` (`first_name`, `father_name`, `last_name`, `nationality_number`) VALUES (\'Xdz\', \'sfdfsa\', \'fasdfdsf\', \'wq\')', 0)
 2 SYSTEMPATH\Database\BaseConnection.php(692): CodeIgniter\Database\MySQLi\Connection->execute('INSERT INTO `client` (`first_name`, `father_name`, `last_name`, `nationality_number`) VALUES (\'Xdz\', \'sfdfsa\', \'fasdfdsf\', \'wq\')')
 3 SYSTEMPATH\Database\BaseConnection.php(606): CodeIgniter\Database\BaseConnection->simpleQuery('INSERT INTO `client` (`first_name`, `father_name`, `last_name`, `nationality_number`) VALUES (\'Xdz\', \'sfdfsa\', \'fasdfdsf\', \'wq\')')
 4 SYSTEMPATH\Database\BaseBuilder.php(2309): CodeIgniter\Database\BaseConnection->query('INSERT INTO `client` (`first_name`, `father_name`, `last_name`, `nationality_number`) VALUES (:first_name:, :father_name:, :last_name:, :nationality_number:)', [...], false)
 5 APPPATH\Models\ClientModel.php(35): CodeIgniter\Database\BaseBuilder->insert([...])
 6 APPPATH\Controllers\Order.php(69): App\Models\ClientModel->saveClient([...])
 7 SYSTEMPATH\CodeIgniter.php(932): App\Controllers\Order->store()
 8 SYSTEMPATH\CodeIgniter.php(497): CodeIgniter\CodeIgniter->runController(Object(App\Controllers\Order))
 9 SYSTEMPATH\CodeIgniter.php(366): CodeIgniter\CodeIgniter->handleRequest(null, Object(Config\Cache), false)
10 FCPATH\index.php(67): CodeIgniter\CodeIgniter->run()
CRITICAL - 2023-09-05 12:51:52 --> Trying to access array offset on value of type null
in APPPATH\Controllers\Order.php on line 70.
 1 APPPATH\Controllers\Order.php(70): CodeIgniter\Debug\Exceptions->errorHandler(2, 'Trying to access array offset on value of type null', 'C:\\xampp\\htdocs\\daswaa\\app\\Controllers\\Order.php', 70)
 2 SYSTEMPATH\CodeIgniter.php(932): App\Controllers\Order->store()
 3 SYSTEMPATH\CodeIgniter.php(497): CodeIgniter\CodeIgniter->runController(Object(App\Controllers\Order))
 4 SYSTEMPATH\CodeIgniter.php(366): CodeIgniter\CodeIgniter->handleRequest(null, Object(Config\Cache), false)
 5 FCPATH\index.php(67): CodeIgniter\CodeIgniter->run()
ERROR - 2023-09-05 12:52:39 --> mysqli_sql_exception: Duplicate entry '0' for key 'PRIMARY' in C:\xampp\htdocs\daswaa\system\Database\MySQLi\Connection.php:295
Stack trace:
#0 C:\xampp\htdocs\daswaa\system\Database\MySQLi\Connection.php(295): mysqli->query('INSERT INTO `or...', 0)
#1 C:\xampp\htdocs\daswaa\system\Database\BaseConnection.php(692): CodeIgniter\Database\MySQLi\Connection->execute('INSERT INTO `or...')
#2 C:\xampp\htdocs\daswaa\system\Database\BaseConnection.php(606): CodeIgniter\Database\BaseConnection->simpleQuery('INSERT INTO `or...')
#3 C:\xampp\htdocs\daswaa\system\Database\BaseBuilder.php(2309): CodeIgniter\Database\BaseConnection->query('INSERT INTO `or...', Array, false)
#4 C:\xampp\htdocs\daswaa\app\Models\OrderModel.php(11): CodeIgniter\Database\BaseBuilder->insert(Array)
#5 C:\xampp\htdocs\daswaa\app\Controllers\Order.php(82): App\Models\OrderModel->saveOrder(Array)
#6 C:\xampp\htdocs\daswaa\system\CodeIgniter.php(932): App\Controllers\Order->store()
#7 C:\xampp\htdocs\daswaa\system\CodeIgniter.php(497): CodeIgniter\CodeIgniter->runController(Object(App\Controllers\Order))
#8 C:\xampp\htdocs\daswaa\system\CodeIgniter.php(366): CodeIgniter\CodeIgniter->handleRequest(NULL, Object(Config\Cache), false)
#9 C:\xampp\htdocs\daswaa\public\index.php(67): CodeIgniter\CodeIgniter->run()
#10 {main}
CRITICAL - 2023-09-05 12:52:39 --> Duplicate entry '0' for key 'PRIMARY'
in SYSTEMPATH\Database\MySQLi\Connection.php on line 295.
 1 SYSTEMPATH\Database\MySQLi\Connection.php(295): mysqli->query('INSERT INTO `order` (`client_id`, `service_id`, `property_type`) VALUES (\'2\', \'1\', \'0\')', 0)
 2 SYSTEMPATH\Database\BaseConnection.php(692): CodeIgniter\Database\MySQLi\Connection->execute('INSERT INTO `order` (`client_id`, `service_id`, `property_type`) VALUES (\'2\', \'1\', \'0\')')
 3 SYSTEMPATH\Database\BaseConnection.php(606): CodeIgniter\Database\BaseConnection->simpleQuery('INSERT INTO `order` (`client_id`, `service_id`, `property_type`) VALUES (\'2\', \'1\', \'0\')')
 4 SYSTEMPATH\Database\BaseBuilder.php(2309): CodeIgniter\Database\BaseConnection->query('INSERT INTO `order` (`client_id`, `service_id`, `property_type`) VALUES (:client_id:, :service_id:, :property_type:)', [...], false)
 5 APPPATH\Models\OrderModel.php(11): CodeIgniter\Database\BaseBuilder->insert([...])
 6 APPPATH\Controllers\Order.php(82): App\Models\OrderModel->saveOrder([...])
 7 SYSTEMPATH\CodeIgniter.php(932): App\Controllers\Order->store()
 8 SYSTEMPATH\CodeIgniter.php(497): CodeIgniter\CodeIgniter->runController(Object(App\Controllers\Order))
 9 SYSTEMPATH\CodeIgniter.php(366): CodeIgniter\CodeIgniter->handleRequest(null, Object(Config\Cache), false)
10 FCPATH\index.php(67): CodeIgniter\CodeIgniter->run()
CRITICAL - 2023-09-05 12:53:16 --> Trying to access array offset on value of type null
in APPPATH\Controllers\Order.php on line 71.
 1 APPPATH\Controllers\Order.php(71): CodeIgniter\Debug\Exceptions->errorHandler(2, 'Trying to access array offset on value of type null', 'C:\\xampp\\htdocs\\daswaa\\app\\Controllers\\Order.php', 71)
 2 SYSTEMPATH\CodeIgniter.php(932): App\Controllers\Order->store()
 3 SYSTEMPATH\CodeIgniter.php(497): CodeIgniter\CodeIgniter->runController(Object(App\Controllers\Order))
 4 SYSTEMPATH\CodeIgniter.php(366): CodeIgniter\CodeIgniter->handleRequest(null, Object(Config\Cache), false)
 5 FCPATH\index.php(67): CodeIgniter\CodeIgniter->run()
