ERROR - 2023-09-11 08:24:19 --> Error connecting to the database: mysqli_sql_exception: No connection could be made because the target machine actively refused it in C:\xampp8.1\htdocs\daswaa\system\Database\MySQLi\Connection.php:174
Stack trace:
#0 C:\xampp8.1\htdocs\daswaa\system\Database\MySQLi\Connection.php(174): mysqli->real_connect('localhost', 'root', '', 'daswaa', 3306, '', 0)
#1 C:\xampp8.1\htdocs\daswaa\system\Database\BaseConnection.php(391): CodeIgniter\Database\MySQLi\Connection->connect(false)
#2 C:\xampp8.1\htdocs\daswaa\system\Database\BaseConnection.php(574): CodeIgniter\Database\BaseConnection->initialize()
#3 C:\xampp8.1\htdocs\daswaa\system\Database\BaseConnection.php(1409): CodeIgniter\Database\BaseConnection->query('SHOW TABLES FRO...')
#4 C:\xampp8.1\htdocs\daswaa\system\Database\BaseConnection.php(1428): CodeIgniter\Database\BaseConnection->listTables()
#5 C:\xampp8.1\htdocs\daswaa\system\Database\MigrationRunner.php(768): CodeIgniter\Database\BaseConnection->tableExists('migrations')
#6 C:\xampp8.1\htdocs\daswaa\system\Database\MigrationRunner.php(168): CodeIgniter\Database\MigrationRunner->ensureTable()
#7 C:\xampp8.1\htdocs\daswaa\system\Commands\Database\Migrate.php(84): CodeIgniter\Database\MigrationRunner->latest(NULL)
#8 C:\xampp8.1\htdocs\daswaa\system\CLI\Commands.php(65): CodeIgniter\Commands\Database\Migrate->run(Array)
#9 C:\xampp8.1\htdocs\daswaa\system\CLI\Console.php(37): CodeIgniter\CLI\Commands->run('migrate', Array)
#10 C:\xampp8.1\htdocs\daswaa\spark(97): CodeIgniter\CLI\Console->run()
#11 {main}

Next CodeIgniter\Database\Exceptions\DatabaseException: No connection could be made because the target machine actively refused it in C:\xampp8.1\htdocs\daswaa\system\Database\MySQLi\Connection.php:218
Stack trace:
#0 C:\xampp8.1\htdocs\daswaa\system\Database\BaseConnection.php(391): CodeIgniter\Database\MySQLi\Connection->connect(false)
#1 C:\xampp8.1\htdocs\daswaa\system\Database\BaseConnection.php(574): CodeIgniter\Database\BaseConnection->initialize()
#2 C:\xampp8.1\htdocs\daswaa\system\Database\BaseConnection.php(1409): CodeIgniter\Database\BaseConnection->query('SHOW TABLES FRO...')
#3 C:\xampp8.1\htdocs\daswaa\system\Database\BaseConnection.php(1428): CodeIgniter\Database\BaseConnection->listTables()
#4 C:\xampp8.1\htdocs\daswaa\system\Database\MigrationRunner.php(768): CodeIgniter\Database\BaseConnection->tableExists('migrations')
#5 C:\xampp8.1\htdocs\daswaa\system\Database\MigrationRunner.php(168): CodeIgniter\Database\MigrationRunner->ensureTable()
#6 C:\xampp8.1\htdocs\daswaa\system\Commands\Database\Migrate.php(84): CodeIgniter\Database\MigrationRunner->latest(NULL)
#7 C:\xampp8.1\htdocs\daswaa\system\CLI\Commands.php(65): CodeIgniter\Commands\Database\Migrate->run(Array)
#8 C:\xampp8.1\htdocs\daswaa\system\CLI\Console.php(37): CodeIgniter\CLI\Commands->run('migrate', Array)
#9 C:\xampp8.1\htdocs\daswaa\spark(97): CodeIgniter\CLI\Console->run()
#10 {main}
ERROR - 2023-09-11 11:59:54 --> Email: sendWithMail throwed ErrorException: mail(): Failed to connect to mailserver at &quot;localhost&quot; port 25, verify your &quot;SMTP&quot; and &quot;smtp_port&quot; setting in php.ini or use ini_set() in C:\xampp8.1\htdocs\daswaa\system\Email\Email.php:1730
Stack trace:
#0 [internal function]: CodeIgniter\Debug\Exceptions->errorHandler(2, 'mail(): Failed ...', 'C:\\xampp8.1\\htd...', 1730)
#1 C:\xampp8.1\htdocs\daswaa\system\Email\Email.php(1730): mail('admin@admin.com', '=?UTF-8?Q?Activ...', 'This is a multi...', 'Date: Mon, 11 S...')
#2 C:\xampp8.1\htdocs\daswaa\system\Email\Email.php(1667): CodeIgniter\Email\Email->sendWithMail()
#3 C:\xampp8.1\htdocs\daswaa\system\Email\Email.php(1565): CodeIgniter\Email\Email->spoolEmail()
#4 C:\xampp8.1\htdocs\daswaa\vendor\myth\auth\src\Authentication\Activators\EmailActivator.php(32): CodeIgniter\Email\Email->send()
#5 C:\xampp8.1\htdocs\daswaa\vendor\myth\auth\src\Controllers\AuthController.php(185): Myth\Auth\Authentication\Activators\EmailActivator->send(Object(Myth\Auth\Entities\User))
#6 C:\xampp8.1\htdocs\daswaa\system\CodeIgniter.php(932): Myth\Auth\Controllers\AuthController->attemptRegister()
#7 C:\xampp8.1\htdocs\daswaa\system\CodeIgniter.php(497): CodeIgniter\CodeIgniter->runController(Object(Myth\Auth\Controllers\AuthController))
#8 C:\xampp8.1\htdocs\daswaa\system\CodeIgniter.php(366): CodeIgniter\CodeIgniter->handleRequest(NULL, Object(Config\Cache), false)
#9 C:\xampp8.1\htdocs\daswaa\public\index.php(67): CodeIgniter\CodeIgniter->run()
#10 {main}
ERROR - 2023-09-11 11:59:54 --> Email: Unable to send email using PHP mail(). Your server might not be configured to send mail using this method.
ERROR - 2023-09-11 11:59:54 --> 
CRITICAL - 2023-09-11 12:34:54 --> Call to undefined method App\Controllers\Home::user()
in APPPATH\Controllers\Home.php on line 19.
 1 SYSTEMPATH\CodeIgniter.php(932): App\Controllers\Home->index()
 2 SYSTEMPATH\CodeIgniter.php(497): CodeIgniter\CodeIgniter->runController(Object(App\Controllers\Home))
 3 SYSTEMPATH\CodeIgniter.php(366): CodeIgniter\CodeIgniter->handleRequest(null, Object(Config\Cache), false)
 4 FCPATH\index.php(67): CodeIgniter\CodeIgniter->run()
CRITICAL - 2023-09-11 12:35:55 --> Undefined property: App\Controllers\Home::$auth
in APPPATH\Controllers\Home.php on line 19.
 1 APPPATH\Controllers\Home.php(19): CodeIgniter\Debug\Exceptions->errorHandler(2, 'Undefined property: App\\Controllers\\Home::$auth', 'C:\\xampp8.1\\htdocs\\daswaa\\app\\Controllers\\Home.php', 19)
 2 SYSTEMPATH\CodeIgniter.php(932): App\Controllers\Home->index()
 3 SYSTEMPATH\CodeIgniter.php(497): CodeIgniter\CodeIgniter->runController(Object(App\Controllers\Home))
 4 SYSTEMPATH\CodeIgniter.php(366): CodeIgniter\CodeIgniter->handleRequest(null, Object(Config\Cache), false)
 5 FCPATH\index.php(67): CodeIgniter\CodeIgniter->run()
CRITICAL - 2023-09-11 12:36:01 --> Undefined property: App\Controllers\Home::$auth
in APPPATH\Controllers\Home.php on line 19.
 1 APPPATH\Controllers\Home.php(19): CodeIgniter\Debug\Exceptions->errorHandler(2, 'Undefined property: App\\Controllers\\Home::$auth', 'C:\\xampp8.1\\htdocs\\daswaa\\app\\Controllers\\Home.php', 19)
 2 SYSTEMPATH\CodeIgniter.php(932): App\Controllers\Home->index()
 3 SYSTEMPATH\CodeIgniter.php(497): CodeIgniter\CodeIgniter->runController(Object(App\Controllers\Home))
 4 SYSTEMPATH\CodeIgniter.php(366): CodeIgniter\CodeIgniter->handleRequest(null, Object(Config\Cache), false)
 5 FCPATH\index.php(67): CodeIgniter\CodeIgniter->run()
CRITICAL - 2023-09-11 12:38:45 --> Cannot access protected property Myth\Auth\Authentication\LocalAuthenticator::$user
in APPPATH\Controllers\Home.php on line 20.
 1 SYSTEMPATH\CodeIgniter.php(932): App\Controllers\Home->index()
 2 SYSTEMPATH\CodeIgniter.php(497): CodeIgniter\CodeIgniter->runController(Object(App\Controllers\Home))
 3 SYSTEMPATH\CodeIgniter.php(366): CodeIgniter\CodeIgniter->handleRequest(null, Object(Config\Cache), false)
 4 FCPATH\index.php(67): CodeIgniter\CodeIgniter->run()
CRITICAL - 2023-09-11 12:53:03 --> Undefined variable $auth
in APPPATH\Controllers\HomeController.php on line 20.
 1 APPPATH\Controllers\HomeController.php(20): CodeIgniter\Debug\Exceptions->errorHandler(2, 'Undefined variable $auth', 'C:\\xampp8.1\\htdocs\\daswaa\\app\\Controllers\\HomeController.php', 20)
 2 SYSTEMPATH\CodeIgniter.php(932): App\Controllers\HomeController->index()
 3 SYSTEMPATH\CodeIgniter.php(497): CodeIgniter\CodeIgniter->runController(Object(App\Controllers\HomeController))
 4 SYSTEMPATH\CodeIgniter.php(366): CodeIgniter\CodeIgniter->handleRequest(null, Object(Config\Cache), false)
 5 FCPATH\index.php(67): CodeIgniter\CodeIgniter->run()
CRITICAL - 2023-09-11 12:53:14 --> Undefined property: App\Controllers\HomeController::$auth
in APPPATH\Controllers\HomeController.php on line 20.
 1 APPPATH\Controllers\HomeController.php(20): CodeIgniter\Debug\Exceptions->errorHandler(2, 'Undefined property: App\\Controllers\\HomeController::$auth', 'C:\\xampp8.1\\htdocs\\daswaa\\app\\Controllers\\HomeController.php', 20)
 2 SYSTEMPATH\CodeIgniter.php(932): App\Controllers\HomeController->index()
 3 SYSTEMPATH\CodeIgniter.php(497): CodeIgniter\CodeIgniter->runController(Object(App\Controllers\HomeController))
 4 SYSTEMPATH\CodeIgniter.php(366): CodeIgniter\CodeIgniter->handleRequest(null, Object(Config\Cache), false)
 5 FCPATH\index.php(67): CodeIgniter\CodeIgniter->run()
CRITICAL - 2023-09-11 12:56:53 --> Undefined property: App\Controllers\HomeController::$auth
in APPPATH\Controllers\HomeController.php on line 22.
 1 APPPATH\Controllers\HomeController.php(22): CodeIgniter\Debug\Exceptions->errorHandler(2, 'Undefined property: App\\Controllers\\HomeController::$auth', 'C:\\xampp8.1\\htdocs\\daswaa\\app\\Controllers\\HomeController.php', 22)
 2 SYSTEMPATH\CodeIgniter.php(932): App\Controllers\HomeController->index()
 3 SYSTEMPATH\CodeIgniter.php(497): CodeIgniter\CodeIgniter->runController(Object(App\Controllers\HomeController))
 4 SYSTEMPATH\CodeIgniter.php(366): CodeIgniter\CodeIgniter->handleRequest(null, Object(Config\Cache), false)
 5 FCPATH\index.php(67): CodeIgniter\CodeIgniter->run()
CRITICAL - 2023-09-11 12:59:55 --> Undefined property: CodeIgniter\View\View::$auth
in APPPATH\Views\homepage.php on line 4.
 1 APPPATH\Views\homepage.php(4): CodeIgniter\Debug\Exceptions->errorHandler(2, 'Undefined property: CodeIgniter\\View\\View::$auth', 'C:\\xampp8.1\\htdocs\\daswaa\\app\\Views\\homepage.php', 4)
 2 SYSTEMPATH\View\View.php(224): include('C:\\xampp8.1\\htdocs\\daswaa\\app\\Views\\homepage.php')
 3 SYSTEMPATH\View\View.php(227): CodeIgniter\View\View->CodeIgniter\View\{closure}()
 4 SYSTEMPATH\Common.php(1180): CodeIgniter\View\View->render('homepage', [], true)
 5 APPPATH\Controllers\HomeController.php(23): view('homepage', [...])
 6 SYSTEMPATH\CodeIgniter.php(932): App\Controllers\HomeController->index()
 7 SYSTEMPATH\CodeIgniter.php(497): CodeIgniter\CodeIgniter->runController(Object(App\Controllers\HomeController))
 8 SYSTEMPATH\CodeIgniter.php(366): CodeIgniter\CodeIgniter->handleRequest(null, Object(Config\Cache), false)
 9 FCPATH\index.php(67): CodeIgniter\CodeIgniter->run()
CRITICAL - 2023-09-11 13:01:08 --> Undefined property: App\Controllers\HomeController::$auth
in APPPATH\Controllers\HomeController.php on line 22.
 1 APPPATH\Controllers\HomeController.php(22): CodeIgniter\Debug\Exceptions->errorHandler(2, 'Undefined property: App\\Controllers\\HomeController::$auth', 'C:\\xampp8.1\\htdocs\\daswaa\\app\\Controllers\\HomeController.php', 22)
 2 SYSTEMPATH\CodeIgniter.php(932): App\Controllers\HomeController->index()
 3 SYSTEMPATH\CodeIgniter.php(497): CodeIgniter\CodeIgniter->runController(Object(App\Controllers\HomeController))
 4 SYSTEMPATH\CodeIgniter.php(366): CodeIgniter\CodeIgniter->handleRequest(null, Object(Config\Cache), false)
 5 FCPATH\index.php(67): CodeIgniter\CodeIgniter->run()
CRITICAL - 2023-09-11 13:01:27 --> Call to undefined method App\Controllers\HomeController::auth()
in APPPATH\Controllers\HomeController.php on line 22.
 1 SYSTEMPATH\CodeIgniter.php(932): App\Controllers\HomeController->index()
 2 SYSTEMPATH\CodeIgniter.php(497): CodeIgniter\CodeIgniter->runController(Object(App\Controllers\HomeController))
 3 SYSTEMPATH\CodeIgniter.php(366): CodeIgniter\CodeIgniter->handleRequest(null, Object(Config\Cache), false)
 4 FCPATH\index.php(67): CodeIgniter\CodeIgniter->run()
CRITICAL - 2023-09-11 13:15:40 --> Undefined property: Myth\Auth\Authentication\LocalAuthenticator::$user_id
in APPPATH\Controllers\HomeController.php on line 31.
 1 APPPATH\Controllers\HomeController.php(31): CodeIgniter\Debug\Exceptions->errorHandler(2, 'Undefined property: Myth\\Auth\\Authentication\\LocalAuthenticator::$user_id', 'C:\\xampp8.1\\htdocs\\daswaa\\app\\Controllers\\HomeController.php', 31)
 2 SYSTEMPATH\CodeIgniter.php(932): App\Controllers\HomeController->index()
 3 SYSTEMPATH\CodeIgniter.php(497): CodeIgniter\CodeIgniter->runController(Object(App\Controllers\HomeController))
 4 SYSTEMPATH\CodeIgniter.php(366): CodeIgniter\CodeIgniter->handleRequest(null, Object(Config\Cache), false)
 5 FCPATH\index.php(67): CodeIgniter\CodeIgniter->run()
CRITICAL - 2023-09-11 13:15:48 --> Call to undefined method Myth\Auth\Authentication\LocalAuthenticator::user_id()
in APPPATH\Controllers\HomeController.php on line 31.
 1 SYSTEMPATH\CodeIgniter.php(932): App\Controllers\HomeController->index()
 2 SYSTEMPATH\CodeIgniter.php(497): CodeIgniter\CodeIgniter->runController(Object(App\Controllers\HomeController))
 3 SYSTEMPATH\CodeIgniter.php(366): CodeIgniter\CodeIgniter->handleRequest(null, Object(Config\Cache), false)
 4 FCPATH\index.php(67): CodeIgniter\CodeIgniter->run()
