CRITICAL - 2023-09-04 06:52:30 --> Undefined variable $title
in APPPATH\Views\orders\order_details.php on line 23.
 1 APPPATH\Views\orders\order_details.php(23): CodeIgniter\Debug\Exceptions->errorHandler(2, 'Undefined variable $title', 'C:\\xampp8.1\\htdocs\\daswaa\\app\\Views\\orders\\order_details.php', 23)
 2 SYSTEMPATH\View\View.php(224): include('C:\\xampp8.1\\htdocs\\daswaa\\app\\Views\\orders\\order_details.php')
 3 SYSTEMPATH\View\View.php(227): CodeIgniter\View\View->CodeIgniter\View\{closure}()
 4 SYSTEMPATH\Common.php(1180): CodeIgniter\View\View->render('orders/order_details', [], true)
 5 APPPATH\Controllers\Order.php(59): view('orders/order_details', [...])
 6 SYSTEMPATH\CodeIgniter.php(932): App\Controllers\Order->orderDetails()
 7 SYSTEMPATH\CodeIgniter.php(497): CodeIgniter\CodeIgniter->runController(Object(App\Controllers\Order))
 8 SYSTEMPATH\CodeIgniter.php(366): CodeIgniter\CodeIgniter->handleRequest(null, Object(Config\Cache), false)
 9 FCPATH\index.php(67): CodeIgniter\CodeIgniter->run()
CRITICAL - 2023-09-04 06:53:39 --> Undefined variable $cServices
in APPPATH\Views\orders\order_details.php on line 67.
 1 APPPATH\Views\orders\order_details.php(67): CodeIgniter\Debug\Exceptions->errorHandler(2, 'Undefined variable $cServices', 'C:\\xampp8.1\\htdocs\\daswaa\\app\\Views\\orders\\order_details.php', 67)
 2 SYSTEMPATH\View\View.php(224): include('C:\\xampp8.1\\htdocs\\daswaa\\app\\Views\\orders\\order_details.php')
 3 SYSTEMPATH\View\View.php(227): CodeIgniter\View\View->CodeIgniter\View\{closure}()
 4 SYSTEMPATH\Common.php(1180): CodeIgniter\View\View->render('orders/order_details', [], true)
 5 APPPATH\Controllers\Order.php(60): view('orders/order_details', [...])
 6 SYSTEMPATH\CodeIgniter.php(932): App\Controllers\Order->orderDetails()
 7 SYSTEMPATH\CodeIgniter.php(497): CodeIgniter\CodeIgniter->runController(Object(App\Controllers\Order))
 8 SYSTEMPATH\CodeIgniter.php(366): CodeIgniter\CodeIgniter->handleRequest(null, Object(Config\Cache), false)
 9 FCPATH\index.php(67): CodeIgniter\CodeIgniter->run()
CRITICAL - 2023-09-04 07:01:00 --> Undefined variable $is_regular
in APPPATH\Views\orders\order_details.php on line 35.
 1 APPPATH\Views\orders\order_details.php(35): CodeIgniter\Debug\Exceptions->errorHandler(2, 'Undefined variable $is_regular', 'C:\\xampp8.1\\htdocs\\daswaa\\app\\Views\\orders\\order_details.php', 35)
 2 SYSTEMPATH\View\View.php(224): include('C:\\xampp8.1\\htdocs\\daswaa\\app\\Views\\orders\\order_details.php')
 3 SYSTEMPATH\View\View.php(227): CodeIgniter\View\View->CodeIgniter\View\{closure}()
 4 SYSTEMPATH\Common.php(1180): CodeIgniter\View\View->render('orders/order_details', [], true)
 5 APPPATH\Controllers\Order.php(60): view('orders/order_details', [...])
 6 SYSTEMPATH\CodeIgniter.php(932): App\Controllers\Order->orderDetails()
 7 SYSTEMPATH\CodeIgniter.php(497): CodeIgniter\CodeIgniter->runController(Object(App\Controllers\Order))
 8 SYSTEMPATH\CodeIgniter.php(366): CodeIgniter\CodeIgniter->handleRequest(null, Object(Config\Cache), false)
 9 FCPATH\index.php(67): CodeIgniter\CodeIgniter->run()
